

  ******************************************
  *     CP2K version 2024.1 (Development)  *
  *     MPI parallel: 8 ranks              *
  ******************************************

  Program started at 2026-05-22 11:00:00

  GLOBAL

  Project name:                                   fe-phenolate-opt
  Run type:                                              GEO_OPT
  ...

  CELL

  Cell lengths:     18.0000   18.0000   18.0000
  Cell angles:      90.0000   90.0000   90.0000

  DFT

  Functional: PBE
  Dispersion: DFT-D3
  Basis set: DZVP-MOLOPT-SR-GTH
  Pseudopotential: GTH-PBE

  Spin: unrestricted (UKS)
  Multiplicity: 5 (Quintet)
  Charge: 0

  Number of electrons:       alpha          beta
  Total:                     109            104

  MGRID

  Cutoff [Ry]:                        400
  Relative cutoff [Ry]:               60
  Number of multigrids:               5

  ...

  SCF WAVEFUNCTION OPTIMIZATION

  Step     Energy [Eh]       Delta_E     |Gradient|   |Hessian|   Time
  --------------------------------------------------------
   1   -2183.4567890123    -0.00000000     0.567890     2.345678   4.2s
   2   -2183.5123456789    -0.05555667     0.234567     1.234567   4.5s
   3   -2183.5345678901    -0.02222221     0.123456     0.789012   4.3s
   4   -2183.5456789012    -0.01111101     0.067890     0.456789   4.4s
   5   -2183.5501234567    -0.00444456     0.034567     0.234567   4.2s
   6   -2183.5512345678    -0.00111111     0.012345     0.123456   4.5s
   7   -2183.5514567890    -0.00022222     0.005678     0.056789   4.3s
   8   -2183.5514890123    -0.00003222     0.001234     0.023456   4.4s
   9   -2183.5514923456    -0.00000333     0.000567     0.012345   4.2s
  10   -2183.5514930123    -0.00000067     0.000234     0.005678   4.3s
  11   -2183.5514931234    -0.00000011     0.000089     0.001234   4.5s

  *** SCF run converged in   11 steps ***

  <S^2> = 8.003  (expected: 8.000 for quintet)

  ...

  GEOMETRY OPTIMIZATION CYCLE

  Step     Energy [Eh]       Delta_E     RMS Force   Max Force    RMS Disp    Step
  --------------------------------------------------------
   1     -2183.5514931234   -2183.55149312   0.018901    0.034567    0.234567    1
   2     -2183.5567890123    -0.00529589    0.012345    0.023456    0.156789    2
   3     -2183.5590123456    -0.00222333    0.008901    0.015678    0.098765    3
   4     -2183.5601234567    -0.00111111    0.005678    0.009012    0.056789    4
   5     -2183.5605678901    -0.00044443    0.003456    0.006789    0.034567    5
   6     -2183.5607890123    -0.00022112    0.001890    0.004567    0.018901    6
   7     -2183.5608567890    -0.00006778    0.001234    0.002345    0.009876    7
   8     -2183.5608901234    -0.00003333    0.000789    0.001234    0.005678    8
   9     -2183.5609012345    -0.00001111    0.000456    0.000789    0.003456    9
  10     -2183.5609067890    -0.00000555    0.000234    0.000456    0.002345   10
  11     -2183.5609089012    -0.00000211    0.000112    0.000234    0.001567   11

  --------------------------------------------------------
  GEO_OPT CONVERGED after     11 steps
  --------------------------------------------------------

  Final energy:      -2183.5609089012 Eh
  Energy change:      -0.00000211 Eh
  RMS force:           0.000112
  MAX force:           0.000234
  RMS displacement:    0.001567
  MAX displacement:    0.003456

  OPTIMIZATION CONVERGED

  Final atomic coordinates:

  Atom  Element       X [Ang]        Y [Ang]        Z [Ang]
  ----------------------------------------------------------
    1   Fe            0.000000       0.000000       0.000000
    2   O             1.952000       0.000000       0.000000
    3   C             1.952000       1.395000       0.000000
    4   C             1.952000       2.130000       1.195000
    5   C             1.952000       3.518000       1.195000
    6   C             1.952000       4.245000       0.000000
    7   C             1.952000       3.518000      -1.195000
    8   C             1.952000       2.130000      -1.195000
    9   H             1.952000       1.578000       2.128000
   10   H             1.952000       4.067000       2.128000
   11   H             1.952000       5.328000       0.000000
   12   H             1.952000       4.067000      -2.128000
   13   H             1.952000       1.578000      -2.128000
  ...

  CP2K finished at 2026-05-22 13:15:42
  Total runtime: 2 h 15 min 42 s
