                          -----------------------------
                          ORCA 5.0.4 RELEASE (20220822)
                          -----------------------------

         B3LYP Density Functional
         ...

   Basis Set Information
   ---------------------
   Auxiliary Basis Sets for RI-JK: automatically chosen

   CARTESIAN COORDINATES (ANGSTROEM)
   ---------------------------------
   Atom   Element       X           Y           Z
   -----------------------------------------------------------
    1      C          0.000000    1.402700    0.000000
    2      C          1.214700    0.701350    0.000000
    ...

   SCF ITERATION CONVERGED
   ...

   GEOMETRY OPTIMIZATION CYCLE
   ---------------------------

   Cycle    Energy (Eh)        dE          RMS Grad   RMS Disp
   -------------------------------------------------------------
      1    -232.1456789012   0.0000000    0.0123456   0.12345
      2    -232.1523456789  -0.0066668    0.0089012   0.09876
      3    -232.1545678901  -0.0022222    0.0045678   0.05678
      4    -232.1556789012  -0.0011111    0.0012345   0.02345
      5    -232.1558901234  -0.0002112    0.0003456   0.00789
      6    -232.1559012345  -0.0000111    0.0000890   0.00123

   *** OPTIMIZATION CONVERGED ***

   FINAL ENERGY:   -232.1559012345 Eh
   FINAL GRADIENT:  8.90e-05 (RMS)   Max: 1.23e-04

   FINAL CARTESIAN COORDINATES (ANGSTROEM)
   ----------------------------------------
   C      0.00000    1.39720    0.00000
   C      1.20980    0.69860    0.00000
   ...
